<?xml version="1.0" encoding="UTF-8"?>
<!-- Generated by org.testng.reporters.JUnitReportReporter -->
<testsuite skipped="0" hostname="DESKTOP-K9519T8" name="Parallel09IT" tests="1" failures="0" timestamp="06 May 2018 16:25:38 GMT" time="59.323" errors="0">
  <testcase name="feature" time="59.323" classname="Parallel09IT"/>
</testsuite> <!-- Parallel09IT -->
