<?xml version="1.0" encoding="UTF-8"?>
<!-- Generated by org.testng.reporters.JUnitReportReporter -->
<testsuite skipped="0" hostname="DESKTOP-K9519T8" name="Parallel01IT" tests="1" failures="0" timestamp="07 May 2018 08:43:15 GMT" time="129.124" errors="0">
  <testcase name="feature" time="129.124" classname="Parallel01IT"/>
</testsuite> <!-- Parallel01IT -->
