<?xml version="1.0" encoding="UTF-8"?>
<!-- Generated by org.testng.reporters.JUnitReportReporter -->
<testsuite skipped="0" hostname="DESKTOP-K9519T8" name="Parallel05IT" tests="1" failures="0" timestamp="07 May 2018 12:38:35 GMT" time="190.900" errors="0">
  <testcase name="feature" time="190.900" classname="Parallel05IT"/>
</testsuite> <!-- Parallel05IT -->
