<?xml version="1.0" encoding="UTF-8"?>
<!-- Generated by org.testng.reporters.JUnitReportReporter -->
<testsuite skipped="0" hostname="DESKTOP-K9519T8" name="Parallel07IT" tests="1" failures="0" timestamp="07 May 2018 12:39:34 GMT" time="82.030" errors="0">
  <testcase name="feature" time="82.030" classname="Parallel07IT"/>
</testsuite> <!-- Parallel07IT -->
