<?xml version="1.0" encoding="UTF-8"?>
<!-- Generated by org.testng.reporters.JUnitReportReporter -->
<testsuite skipped="0" hostname="DESKTOP-K9519T8" name="Parallel04IT" tests="1" failures="0" timestamp="07 May 2018 12:35:24 GMT" time="76.344" errors="0">
  <testcase name="feature" time="76.344" classname="Parallel04IT"/>
</testsuite> <!-- Parallel04IT -->
