<?xml version="1.0" encoding="UTF-8"?>
<!-- Generated by org.testng.reporters.JUnitReportReporter -->
<testsuite skipped="0" hostname="DESKTOP-K9519T8" name="Parallel09IT" tests="1" failures="0" timestamp="07 May 2018 12:40:42 GMT" time="67.841" errors="0">
  <testcase name="feature" time="67.841" classname="Parallel09IT"/>
</testsuite> <!-- Parallel09IT -->
