<?xml version="1.0" encoding="UTF-8"?>
<!-- Generated by org.testng.reporters.JUnitReportReporter -->
<testsuite skipped="0" hostname="DESKTOP-K9519T8" name="Parallel02IT" tests="1" failures="0" timestamp="06 May 2018 16:23:30 GMT" time="86.651" errors="0">
  <testcase name="feature" time="86.651" classname="Parallel02IT"/>
</testsuite> <!-- Parallel02IT -->
