<?xml version="1.0" encoding="UTF-8"?>
<!-- Generated by org.testng.reporters.JUnitReportReporter -->
<testsuite skipped="0" hostname="DESKTOP-K9519T8" name="Parallel02IT" tests="1" failures="0" timestamp="07 May 2018 12:33:27 GMT" time="102.880" errors="0">
  <testcase name="feature" time="102.880" classname="Parallel02IT"/>
</testsuite> <!-- Parallel02IT -->
