<?xml version="1.0" encoding="UTF-8"?>
<!-- Generated by org.testng.reporters.JUnitReportReporter -->
<testsuite skipped="0" hostname="DESKTOP-K9519T8" name="Parallel06IT" tests="1" failures="0" timestamp="07 May 2018 12:38:12 GMT" time="126.050" errors="0">
  <testcase name="feature" time="126.050" classname="Parallel06IT"/>
</testsuite> <!-- Parallel06IT -->
