<?xml version="1.0" encoding="UTF-8"?>
<!-- Generated by org.testng.reporters.JUnitReportReporter -->
<testsuite skipped="0" hostname="DESKTOP-K9519T8" name="Parallel10IT" tests="1" failures="0" timestamp="07 May 2018 12:43:52 GMT" time="189.748" errors="0">
  <testcase name="feature" time="189.748" classname="Parallel10IT"/>
</testsuite> <!-- Parallel10IT -->
