<?xml version="1.0" encoding="UTF-8"?>
<!-- Generated by org.testng.reporters.JUnitReportReporter -->
<testsuite skipped="0" hostname="DESKTOP-K9519T8" name="Parallel03IT" tests="1" failures="0" timestamp="07 May 2018 12:36:06 GMT" time="158.711" errors="0">
  <testcase name="feature" time="158.711" classname="Parallel03IT"/>
</testsuite> <!-- Parallel03IT -->
